[INFO] Scanning for projects...
[INFO] 
[INFO] ---------------------< com.freelance:marketplace >----------------------
[INFO] Building marketplace 0.0.1-SNAPSHOT
[INFO]   from pom.xml
[INFO] --------------------------------[ jar ]---------------------------------
[INFO] 
[INFO] --- clean:3.5.0:clean (default-clean) @ marketplace ---
[INFO] Deleting E:\Freelancer_Task_Marketplace_System\backend\target
[INFO] 
[INFO] --- resources:3.3.1:resources (default-resources) @ marketplace ---
[INFO] Copying 1 resource from src\main\resources to target\classes
[INFO] Copying 1 resource from src\main\resources to target\classes
[INFO] 
[INFO] --- compiler:3.14.1:compile (default-compile) @ marketplace ---
[INFO] Recompiling the module because of changed source code.
[INFO] Compiling 36 source files with javac [debug parameters release 17] to target\classes
[INFO] Annotation processing is enabled because one or more processors were found
  on the class path. A future release of javac may disable annotation processing
  unless at least one processor is specified by name (-processor), or a search
  path is specified (--processor-path, --processor-module-path), or annotation
  processing is enabled explicitly (-proc:only, -proc:full).
  Use -Xlint:-options to suppress this message.
  Use -proc:none to disable annotation processing.
[INFO] -------------------------------------------------------------
[ERROR] COMPILATION ERROR : 
[INFO] -------------------------------------------------------------
[ERROR] /E:/Freelancer_Task_Marketplace_System/backend/src/main/java/com/freelance/marketplace/security/SecurityConfig.java:[37,50] constructor DaoAuthenticationProvider in class org.springframework.security.authentication.dao.DaoAuthenticationProvider cannot be applied to given types;
  required: org.springframework.security.core.userdetails.UserDetailsService
  found:    no arguments
  reason: actual and formal argument lists differ in length
[ERROR] /E:/Freelancer_Task_Marketplace_System/backend/src/main/java/com/freelance/marketplace/security/SecurityConfig.java:[38,21] cannot find symbol
  symbol:   method setUserDetailsService(com.freelance.marketplace.security.UserDetailsServiceImpl)
  location: variable authProvider of type org.springframework.security.authentication.dao.DaoAuthenticationProvider
[INFO] 2 errors 
[INFO] -------------------------------------------------------------
[INFO] ------------------------------------------------------------------------
[INFO] BUILD FAILURE
[INFO] ------------------------------------------------------------------------
[INFO] Total time:  2.679 s
[INFO] Finished at: 2026-03-11T21:46:56+05:30
[INFO] ------------------------------------------------------------------------
[ERROR] Failed to execute goal org.apache.maven.plugins:maven-compiler-plugin:3.14.1:compile (default-compile) on project marketplace: Compilation failure: Compilation failure: 
[ERROR] /E:/Freelancer_Task_Marketplace_System/backend/src/main/java/com/freelance/marketplace/security/SecurityConfig.java:[37,50] constructor DaoAuthenticationProvider in class org.springframework.security.authentication.dao.DaoAuthenticationProvider cannot be applied to given types;
[ERROR]   required: org.springframework.security.core.userdetails.UserDetailsService
[ERROR]   found:    no arguments
[ERROR]   reason: actual and formal argument lists differ in length
[ERROR] /E:/Freelancer_Task_Marketplace_System/backend/src/main/java/com/freelance/marketplace/security/SecurityConfig.java:[38,21] cannot find symbol
[ERROR]   symbol:   method setUserDetailsService(com.freelance.marketplace.security.UserDetailsServiceImpl)
[ERROR]   location: variable authProvider of type org.springframework.security.authentication.dao.DaoAuthenticationProvider
[ERROR] -> [Help 1]
[ERROR] 
[ERROR] To see the full stack trace of the errors, re-run Maven with the -e switch.
[ERROR] Re-run Maven using the -X switch to enable full debug logging.
[ERROR] 
[ERROR] For more information about the errors and possible solutions, please read the following articles:
[ERROR] [Help 1] http://cwiki.apache.org/confluence/display/MAVEN/MojoFailureException
